<?xml version="1.0" encoding="UTF-8"?>
<!-- Generated by org.testng.reporters.JUnitXMLReporter -->
<testsuite ignored="0" hostname="chethan" failures="1" tests="1" name="Default test" time="1.204" errors="0" timestamp="2025-07-01T15:23:16 IST">
  <testcase classname="io.cucumber.testng.AbstractTestNGCucumberTests" name="runScenario" time="0.162">
    <failure type="java.lang.IllegalArgumentException" message="Browser parameter not set! Please check TestNG configuration.">
      <![CDATA[java.lang.IllegalArgumentException: Browser parameter not set! Please check TestNG configuration.
at hooks.Hooks.setUp(Hooks.java:44)
]]>
    </failure>
  </testcase> <!-- runScenario -->
</testsuite> <!-- Default test -->
