<?xml version="1.0" encoding="UTF-8"?>
<testng-results ignored="0" total="1" passed="1" failed="0" skipped="0">
  <reporter-output>
  </reporter-output>
  <suite started-at="2025-07-12T19:06:12 IST" name="Default suite" finished-at="2025-07-12T19:06:32 IST" duration-ms="19828">
    <groups>
    </groups>
    <test started-at="2025-07-12T19:06:12 IST" name="Default test" finished-at="2025-07-12T19:06:32 IST" duration-ms="19828">
      <class name="tests.WebTable">
        <test-method signature="testWebTable()[pri:0, instance:tests.WebTable@452e19ca]" started-at="2025-07-12T19:06:13 IST" name="testWebTable" finished-at="2025-07-12T19:06:32 IST" duration-ms="19743" status="PASS">
          <reporter-output>
          </reporter-output>
        </test-method> <!-- testWebTable -->
      </class> <!-- tests.WebTable -->
    </test> <!-- Default test -->
  </suite> <!-- Default suite -->
</testng-results>
