<?xml version="1.0" encoding="UTF-8"?>
<testng-results ignored="0" total="1" passed="1" failed="0" skipped="0">
  <reporter-output>
  </reporter-output>
  <suite started-at="2025-08-09T00:51:53 IST" name="ParallelSuite" finished-at="2025-08-09T00:52:11 IST" duration-ms="17304">
    <groups>
      <group name="cucumber">
        <method signature="AbstractTestNGCucumberTests.runScenario(io.cucumber.testng.PickleWrapper,io.cucumber.testng.FeatureWrapper)[pri:0, instance:testRunners.ParallelTestRunner@6f6745d6]" name="runScenario" class="io.cucumber.testng.AbstractTestNGCucumberTests"/>
        <method signature="AbstractTestNGCucumberTests.runScenario(io.cucumber.testng.PickleWrapper,io.cucumber.testng.FeatureWrapper)[pri:0, instance:testRunners.FailedTestRunner@3b74ac8]" name="runScenario" class="io.cucumber.testng.AbstractTestNGCucumberTests"/>
      </group> <!-- cucumber -->
    </groups>
    <test started-at="2025-08-09T00:51:53 IST" name="ChromeTests" finished-at="2025-08-09T00:52:10 IST" duration-ms="17238">
      <class name="testRunners.ParallelTestRunner">
        <test-method is-config="true" signature="setUpClass(org.testng.ITestContext)[pri:0, instance:testRunners.ParallelTestRunner@6f6745d6]" started-at="2025-08-09T00:51:53 IST" name="setUpClass" finished-at="2025-08-09T00:51:54 IST" duration-ms="1197" status="PASS">
          <params>
            <param index="0">
              <value>
                <![CDATA[org.testng.TestRunner@7a362b6b]]>
              </value>
            </param>
          </params>
          <reporter-output>
          </reporter-output>
        </test-method> <!-- setUpClass -->
        <test-method is-config="true" signature="setupBrowser(java.lang.String)[pri:0, instance:testRunners.ParallelTestRunner@6f6745d6]" started-at="2025-08-09T00:51:54 IST" name="setupBrowser" finished-at="2025-08-09T00:51:54 IST" duration-ms="5" status="PASS">
          <params>
            <param index="0">
              <value>
                <![CDATA[chrome]]>
              </value>
            </param>
          </params>
          <reporter-output>
          </reporter-output>
        </test-method> <!-- setupBrowser -->
        <test-method signature="runScenario(io.cucumber.testng.PickleWrapper,io.cucumber.testng.FeatureWrapper)[pri:0, instance:testRunners.ParallelTestRunner@6f6745d6]" started-at="2025-08-09T00:51:55 IST" name="runScenario" description="Runs Cucumber Scenarios" data-provider="scenarios" finished-at="2025-08-09T00:52:10 IST" duration-ms="15871" status="PASS">
          <params>
            <param index="0">
              <value>
                <![CDATA["Read data from web table"]]>
              </value>
            </param>
            <param index="1">
              <value>
                <![CDATA["Web Tables"]]>
              </value>
            </param>
          </params>
          <reporter-output>
          </reporter-output>
        </test-method> <!-- runScenario -->
        <test-method is-config="true" signature="tearDownClass()[pri:0, instance:testRunners.ParallelTestRunner@6f6745d6]" started-at="2025-08-09T00:52:10 IST" name="tearDownClass" finished-at="2025-08-09T00:52:10 IST" duration-ms="46" status="PASS">
          <reporter-output>
          </reporter-output>
        </test-method> <!-- tearDownClass -->
      </class> <!-- testRunners.ParallelTestRunner -->
    </test> <!-- ChromeTests -->
    <test started-at="2025-08-09T00:52:10 IST" name="Rerun failed Tests" finished-at="2025-08-09T00:52:11 IST" duration-ms="27">
      <class name="testRunners.FailedTestRunner">
        <test-method is-config="true" signature="setUpClass(org.testng.ITestContext)[pri:0, instance:testRunners.FailedTestRunner@3b74ac8]" started-at="2025-08-09T00:52:10 IST" name="setUpClass" finished-at="2025-08-09T00:52:11 IST" duration-ms="20" status="PASS">
          <params>
            <param index="0">
              <value>
                <![CDATA[org.testng.TestRunner@60df60da]]>
              </value>
            </param>
          </params>
          <reporter-output>
          </reporter-output>
        </test-method> <!-- setUpClass -->
        <test-method is-config="true" signature="setupBrowser(java.lang.String)[pri:0, instance:testRunners.FailedTestRunner@3b74ac8]" started-at="2025-08-09T00:52:11 IST" name="setupBrowser" finished-at="2025-08-09T00:52:11 IST" duration-ms="1" status="PASS">
          <params>
            <param index="0">
              <value>
                <![CDATA[chrome]]>
              </value>
            </param>
          </params>
          <reporter-output>
          </reporter-output>
        </test-method> <!-- setupBrowser -->
        <test-method is-config="true" signature="tearDownClass()[pri:0, instance:testRunners.FailedTestRunner@3b74ac8]" started-at="2025-08-09T00:52:11 IST" name="tearDownClass" finished-at="2025-08-09T00:52:11 IST" duration-ms="1" status="PASS">
          <reporter-output>
          </reporter-output>
        </test-method> <!-- tearDownClass -->
      </class> <!-- testRunners.FailedTestRunner -->
    </test> <!-- Rerun failed Tests -->
  </suite> <!-- ParallelSuite -->
</testng-results>
